<?xml version="1.0" encoding="UTF-8"?>
<testng-results ignored="0" total="4" passed="4" failed="0" skipped="0">
  <reporter-output>
  </reporter-output>
  <suite started-at="2026-05-13T16:42:21 IST" name="Suite" finished-at="2026-05-13T16:42:41 IST" duration-ms="20119">
    <groups>
      <group name="cucumber">
        <method signature="AbstractTestNGCucumberTests.runScenario(io.cucumber.testng.PickleWrapper,io.cucumber.testng.FeatureWrapper)[pri:0, instance:com.runner.SearchRunner@350aac89]" name="runScenario" class="io.cucumber.testng.AbstractTestNGCucumberTests"/>
      </group> <!-- cucumber -->
    </groups>
    <test started-at="2026-05-13T16:42:21 IST" name="Test" finished-at="2026-05-13T16:42:41 IST" duration-ms="20119">
      <class name="com.runner.SearchRunner">
        <test-method is-config="true" signature="setUpClass(org.testng.ITestContext)[pri:0, instance:com.runner.SearchRunner@350aac89]" started-at="2026-05-13T16:42:21 IST" name="setUpClass" finished-at="2026-05-13T16:42:21 IST" duration-ms="426" status="PASS">
          <params>
            <param index="0">
              <value>
                <![CDATA[org.testng.TestRunner@47ef5a33]]>
              </value>
            </param>
          </params>
          <reporter-output>
          </reporter-output>
        </test-method> <!-- setUpClass -->
        <test-method signature="runScenario(io.cucumber.testng.PickleWrapper,io.cucumber.testng.FeatureWrapper)[pri:0, instance:com.runner.SearchRunner@350aac89]" started-at="2026-05-13T16:42:21 IST" name="runScenario" description="Runs Cucumber Scenarios" data-provider="scenarios" finished-at="2026-05-13T16:42:29 IST" duration-ms="7650" status="PASS">
          <params>
            <param index="0">
              <value>
                <![CDATA["verif to add new address"]]>
              </value>
            </param>
            <param index="1">
              <value>
                <![CDATA["Muhindhar_13-05-2026_Adding new address in the tutorials ninja site"]]>
              </value>
            </param>
          </params>
          <reporter-output>
          </reporter-output>
        </test-method> <!-- runScenario -->
        <test-method signature="runScenario(io.cucumber.testng.PickleWrapper,io.cucumber.testng.FeatureWrapper)[pri:0, instance:com.runner.SearchRunner@350aac89]" started-at="2026-05-13T16:42:29 IST" name="runScenario" description="Runs Cucumber Scenarios" data-provider="scenarios" finished-at="2026-05-13T16:42:33 IST" duration-ms="3971" status="PASS">
          <params>
            <param index="0">
              <value>
                <![CDATA["Verify product search using different keywords"]]>
              </value>
            </param>
            <param index="1">
              <value>
                <![CDATA["Muhindhar_13-05-2026_searching product in website"]]>
              </value>
            </param>
          </params>
          <reporter-output>
          </reporter-output>
        </test-method> <!-- runScenario -->
        <test-method signature="runScenario(io.cucumber.testng.PickleWrapper,io.cucumber.testng.FeatureWrapper)[pri:0, instance:com.runner.SearchRunner@350aac89]" started-at="2026-05-13T16:42:33 IST" name="runScenario" description="Runs Cucumber Scenarios" data-provider="scenarios" finished-at="2026-05-13T16:42:37 IST" duration-ms="3593" status="PASS">
          <params>
            <param index="0">
              <value>
                <![CDATA["Verify product search using different keywords"]]>
              </value>
            </param>
            <param index="1">
              <value>
                <![CDATA["Muhindhar_13-05-2026_searching product in website"]]>
              </value>
            </param>
          </params>
          <reporter-output>
          </reporter-output>
        </test-method> <!-- runScenario -->
        <test-method signature="runScenario(io.cucumber.testng.PickleWrapper,io.cucumber.testng.FeatureWrapper)[pri:0, instance:com.runner.SearchRunner@350aac89]" started-at="2026-05-13T16:42:37 IST" name="runScenario" description="Runs Cucumber Scenarios" data-provider="scenarios" finished-at="2026-05-13T16:42:40 IST" duration-ms="3417" status="PASS">
          <params>
            <param index="0">
              <value>
                <![CDATA["Verify product search using different keywords"]]>
              </value>
            </param>
            <param index="1">
              <value>
                <![CDATA["Muhindhar_13-05-2026_searching product in website"]]>
              </value>
            </param>
          </params>
          <reporter-output>
          </reporter-output>
        </test-method> <!-- runScenario -->
        <test-method is-config="true" signature="tearDownClass()[pri:0, instance:com.runner.SearchRunner@350aac89]" started-at="2026-05-13T16:42:40 IST" name="tearDownClass" finished-at="2026-05-13T16:42:41 IST" duration-ms="1028" status="PASS">
          <reporter-output>
          </reporter-output>
        </test-method> <!-- tearDownClass -->
      </class> <!-- com.runner.SearchRunner -->
    </test> <!-- Test -->
  </suite> <!-- Suite -->
</testng-results>
