<?xml version="1.0" encoding="UTF-8"?>
<!-- Generated by org.testng.reporters.JUnitReportReporter -->
<testsuite hostname="Muhindhar" failures="0" tests="4" name="com.runner.SearchRunner" time="18.723" errors="0" timestamp="2026-05-13T16:41:48 IST" skipped="0">
  <testcase classname="com.runner.SearchRunner" name="runScenario" time="6.681"/>
  <testcase classname="com.runner.SearchRunner" name="runScenario" time="3.294"/>
  <testcase classname="com.runner.SearchRunner" name="runScenario" time="4.342"/>
  <testcase classname="com.runner.SearchRunner" name="runScenario" time="4.406"/>
</testsuite> <!-- com.runner.SearchRunner -->
