<?xml version="1.0" encoding="UTF-8"?>
<!-- Generated by org.testng.reporters.JUnitReportReporter -->
<testsuite hostname="Muhindhar" failures="0" tests="4" name="com.runner.SearchRunner" time="18.631" errors="0" timestamp="2026-05-13T16:42:41 IST" skipped="0">
  <testcase classname="com.runner.SearchRunner" name="runScenario" time="3.971"/>
  <testcase classname="com.runner.SearchRunner" name="runScenario" time="3.593"/>
  <testcase classname="com.runner.SearchRunner" name="runScenario" time="7.650"/>
  <testcase classname="com.runner.SearchRunner" name="runScenario" time="3.417"/>
</testsuite> <!-- com.runner.SearchRunner -->
